This is pdfTeX, Version 3.141592653-2.6-1.40.24 (TeX Live 2022/Debian) (preloaded format=pdftex 2024.11.26)  26 NOV 2024 22:00
entering extended mode
 restricted \write18 enabled.
 %&-line parsing enabled.
**tree_dump/latex
(./tree_dump/latex.tex
! Undefined control sequence.
l.1 \documentclass
                  {article}
? 
! Undefined control sequence.
l.2 \usepackage
               [T2A]{fontenc}
? 
! Undefined control sequence.
l.3 \usepackage
               [margin=0.25in]{geometry}
? 
! Undefined control sequence.
l.4 \usepackage
               {pgfplots}
? 
! Undefined control sequence.
l.5 \pgfplotsset
                {width=10cm,compat=1.9}
? 
! Undefined control sequence.
l.7 \title
          {–í–∑—è—Ç–∏–µ –ø—Ä–æ–∏–∑–≤–æ–¥–Ω–æ–π; –ì—Ä–∞—Ñ–∏–∫–∏; –¢–µ–π–ª–æ—Ä...

? 
Missing character: There is no – in font cmr10!
Missing character: There is no í in font cmr10!
Missing character: There is no – in font cmr10!
Missing character: There is no ∑ in font cmr10!
Missing character: There is no — in font cmr10!
Missing character: There is no è in font cmr10!
Missing character: There is no — in font cmr10!
Missing character: There is no Ç in font cmr10!
Missing character: There is no – in font cmr10!
Missing character: There is no ∏ in font cmr10!
Missing character: There is no – in font cmr10!
Missing character: There is no µ in font cmr10!
Missing character: There is no – in font cmr10!
Missing character: There is no ø in font cmr10!
Missing character: There is no — in font cmr10!
Missing character: There is no Ä in font cmr10!
Missing character: There is no – in font cmr10!
Missing character: There is no æ in font cmr10!
Missing character: There is no – in font cmr10!
Missing character: There is no ∏ in font cmr10!
Missing character: There is no – in font cmr10!
Missing character: There is no ∑ in font cmr10!
Missing character: There is no – in font cmr10!
Missing character: There is no ≤ in font cmr10!
Missing character: There is no – in font cmr10!
Missing character: There is no æ in font cmr10!
Missing character: There is no – in font cmr10!
Missing character: There is no ¥ in font cmr10!
Missing character: There is no – in font cmr10!
Missing character: There is no Ω in font cmr10!
Missing character: There is no – in font cmr10!
Missing character: There is no æ in font cmr10!
Missing character: There is no – in font cmr10!
Missing character: There is no π in font cmr10!
Missing character: There is no – in font cmr10!
Missing character: There is no ì in font cmr10!
Missing character: There is no — in font cmr10!
Missing character: There is no Ä in font cmr10!
Missing character: There is no – in font cmr10!
Missing character: There is no ∞ in font cmr10!
Missing character: There is no — in font cmr10!
Missing character: There is no Ñ in font cmr10!
Missing character: There is no – in font cmr10!
Missing character: There is no ∏ in font cmr10!
Missing character: There is no – in font cmr10!
Missing character: There is no ∫ in font cmr10!
Missing character: There is no – in font cmr10!
Missing character: There is no ∏ in font cmr10!
Missing character: There is no – in font cmr10!
Missing character: There is no ¢ in font cmr10!
Missing character: There is no – in font cmr10!
Missing character: There is no µ in font cmr10!
Missing character: There is no – in font cmr10!
Missing character: There is no π in font cmr10!
Missing character: There is no – in font cmr10!
Missing character: There is no ª in font cmr10!
Missing character: There is no – in font cmr10!
Missing character: There is no æ in font cmr10!
Missing character: There is no — in font cmr10!
Missing character: There is no Ä in font cmr10!
! Undefined control sequence.
l.8 \author
           {Andrey Britvin}
? 
! Undefined control sequence.
l.9 \date
         {November 2024}
? 
! Undefined control sequence.
l.10 \begin
           {document}
? 
! Undefined control sequence.
l.11 \maketitle
               
? 
! Undefined control sequence.
l.12 \section
             {–ù–∞–∑–∞–¥ –∫ –∏—Å—Ç–æ–∫–∞–º}
? 
Missing character: There is no – in font cmr10!
Missing character: There is no ù in font cmr10!
Missing character: There is no – in font cmr10!
Missing character: There is no ∞ in font cmr10!
Missing character: There is no – in font cmr10!
Missing character: There is no ∑ in font cmr10!
Missing character: There is no – in font cmr10!
Missing character: There is no ∞ in font cmr10!
Missing character: There is no – in font cmr10!
Missing character: There is no ¥ in font cmr10!
Missing character: There is no – in font cmr10!
Missing character: There is no ∫ in font cmr10!
Missing character: There is no – in font cmr10!
Missing character: There is no ∏ in font cmr10!
Missing character: There is no — in font cmr10!
Missing character: There is no Å in font cmr10!
Missing character: There is no — in font cmr10!
Missing character: There is no Ç in font cmr10!
Missing character: There is no – in font cmr10!
Missing character: There is no æ in font cmr10!
Missing character: There is no – in font cmr10!
Missing character: There is no ∫ in font cmr10!
Missing character: There is no – in font cmr10!
Missing character: There is no ∞ in font cmr10!
Missing character: There is no – in font cmr10!
Missing character: There is no º in font cmr10!
Missing character: There is no – in font cmr10!
Missing character: There is no í in font cmr10!
Missing character: There is no — in font cmr10!
Missing character: There is no Ö in font cmr10!
Missing character: There is no – in font cmr10!
Missing character: There is no æ in font cmr10!
Missing character: There is no – in font cmr10!
Missing character: There is no ¥ in font cmr10!
Missing character: There is no – in font cmr10!
Missing character: There is no µ in font cmr10!
Missing character: There is no – in font cmr10!
Missing character: There is no Ω in font cmr10!
Missing character: There is no – in font cmr10!
Missing character: There is no µ in font cmr10!
Missing character: There is no — in font cmr10!
Missing character: There is no Å in font cmr10!
Missing character: There is no – in font cmr10!
Missing character: There is no ª in font cmr10!
Missing character: There is no – in font cmr10!
Missing character: There is no æ in font cmr10!
Missing character: There is no – in font cmr10!
Missing character: There is no ∂ in font cmr10!
Missing character: There is no – in font cmr10!
Missing character: There is no Ω in font cmr10!
Missing character: There is no — in font cmr10!
Missing character: There is no ã in font cmr10!
Missing character: There is no — in font cmr10!
Missing character: There is no Ö in font cmr10!
Missing character: There is no – in font cmr10!
Missing character: There is no ø in font cmr10!
Missing character: There is no — in font cmr10!
Missing character: There is no Ä in font cmr10!
Missing character: There is no – in font cmr10!
Missing character: There is no µ in font cmr10!
Missing character: There is no – in font cmr10!
Missing character: There is no æ in font cmr10!
Missing character: There is no – in font cmr10!
Missing character: There is no ± in font cmr10!
Missing character: There is no — in font cmr10!
Missing character: There is no Ä in font cmr10!
Missing character: There is no – in font cmr10!
Missing character: There is no ∞ in font cmr10!
Missing character: There is no – in font cmr10!
Missing character: There is no ∑ in font cmr10!
Missing character: There is no – in font cmr10!
Missing character: There is no æ in font cmr10!
Missing character: There is no – in font cmr10!
Missing character: There is no ≤ in font cmr10!
Missing character: There is no – in font cmr10!
Missing character: There is no ∞ in font cmr10!
Missing character: There is no – in font cmr10!
Missing character: There is no Ω in font cmr10!
Missing character: There is no – in font cmr10!
Missing character: There is no ∏ in font cmr10!
Missing character: There is no – in font cmr10!
Missing character: There is no π in font cmr10!
! Undefined control sequence.
l.14 \[
       (6)' = 0\]
? 
! Undefined control sequence.
l.14 \[(6)' = 0\]
                 
? 
Missing character: There is no – in font cmr10!
Missing character: There is no ò in font cmr10!
Missing character: There is no – in font cmr10!
Missing character: There is no Ω in font cmr10!
Missing character: There is no – in font cmr10!
Missing character: There is no æ in font cmr10!
Missing character: There is no – in font cmr10!
Missing character: There is no ≥ in font cmr10!
Missing character: There is no – in font cmr10!
Missing character: There is no ¥ in font cmr10!
Missing character: There is no – in font cmr10!
Missing character: There is no ∞ in font cmr10!
Missing character: There is no – in font cmr10!
Missing character: There is no ± in font cmr10!
Missing character: There is no — in font cmr10!
Missing character: There is no ã in font cmr10!
Missing character: There is no – in font cmr10!
Missing character: There is no ≤ in font cmr10!
Missing character: There is no – in font cmr10!
Missing character: There is no ∞ in font cmr10!
Missing character: There is no – in font cmr10!
Missing character: There is no µ in font cmr10!
Missing character: There is no — in font cmr10!
Missing character: There is no Ç in font cmr10!
Missing character: There is no – in font cmr10!
Missing character: There is no ø in font cmr10!
Missing character: There is no – in font cmr10!
Missing character: There is no æ in font cmr10!
Missing character: There is no – in font cmr10!
Missing character: There is no ª in font cmr10!
Missing character: There is no – in font cmr10!
Missing character: There is no µ in font cmr10!
Missing character: There is no – in font cmr10!
Missing character: There is no ∑ in font cmr10!
Missing character: There is no – in font cmr10!
Missing character: There is no Ω in font cmr10!
Missing character: There is no – in font cmr10!
Missing character: There is no æ in font cmr10!
Missing character: There is no – in font cmr10!
Missing character: There is no Ω in font cmr10!
Missing character: There is no – in font cmr10!
Missing character: There is no µ in font cmr10!
Missing character: There is no – in font cmr10!
Missing character: There is no º in font cmr10!
Missing character: There is no – in font cmr10!
Missing character: There is no Ω in font cmr10!
Missing character: There is no – in font cmr10!
Missing character: There is no æ in font cmr10!
Missing character: There is no – in font cmr10!
Missing character: There is no ≥ in font cmr10!
Missing character: There is no – in font cmr10!
Missing character: There is no æ in font cmr10!
Missing character: There is no – in font cmr10!
Missing character: There is no ø in font cmr10!
Missing character: There is no – in font cmr10!
Missing character: There is no æ in font cmr10!
Missing character: There is no – in font cmr10!
Missing character: There is no ¥ in font cmr10!
Missing character: There is no — in font cmr10!
Missing character: There is no É in font cmr10!
Missing character: There is no – in font cmr10!
Missing character: There is no º in font cmr10!
Missing character: There is no – in font cmr10!
Missing character: There is no ∞ in font cmr10!
Missing character: There is no — in font cmr10!
Missing character: There is no Ç in font cmr10!
Missing character: There is no — in font cmr10!
Missing character: There is no å in font cmr10!
! Undefined control sequence.
l.16 \[
       (x)' = 1\]
? 
! Undefined control sequence.
l.16 \[(x)' = 1\]
                 
? 
Missing character: There is no – in font cmr10!
Missing character: There is no ú in font cmr10!
Missing character: There is no – in font cmr10!
Missing character: There is no æ in font cmr10!
Missing character: There is no – in font cmr10!
Missing character: There is no π in font cmr10!
Missing character: There is no — in font cmr10!
Missing character: There is no É in font cmr10!
Missing character: There is no — in font cmr10!
Missing character: There is no á in font cmr10!
Missing character: There is no – in font cmr10!
Missing character: There is no ∏ in font cmr10!
Missing character: There is no — in font cmr10!
Missing character: There is no Ç in font cmr10!
Missing character: There is no – in font cmr10!
Missing character: There is no µ in font cmr10!
Missing character: There is no – in font cmr10!
Missing character: There is no ª in font cmr10!
Missing character: There is no — in font cmr10!
Missing character: There is no å in font cmr10!
Missing character: There is no – in font cmr10!
Missing character: There is no Ω in font cmr10!
Missing character: There is no – in font cmr10!
Missing character: There is no µ in font cmr10!
Missing character: There is no – in font cmr10!
Missing character: There is no ª in font cmr10!
Missing character: There is no — in font cmr10!
Missing character: There is no é in font cmr10!
Missing character: There is no – in font cmr10!
Missing character: There is no ± in font cmr10!
Missing character: There is no – in font cmr10!
Missing character: There is no ∏ in font cmr10!
Missing character: There is no – in font cmr10!
Missing character: There is no ª in font cmr10!
Missing character: There is no – in font cmr10!
Missing character: There is no ø in font cmr10!
Missing character: There is no — in font cmr10!
Missing character: There is no Ä in font cmr10!
Missing character: There is no – in font cmr10!
Missing character: There is no æ in font cmr10!
Missing character: There is no – in font cmr10!
Missing character: There is no ∏ in font cmr10!
Missing character: There is no – in font cmr10!
Missing character: There is no ∑ in font cmr10!
Missing character: There is no – in font cmr10!
Missing character: There is no ≤ in font cmr10!
Missing character: There is no – in font cmr10!
Missing character: There is no æ in font cmr10!
Missing character: There is no – in font cmr10!
Missing character: There is no ¥ in font cmr10!
Missing character: There is no – in font cmr10!
Missing character: There is no Ω in font cmr10!
Missing character: There is no — in font cmr10!
Missing character: There is no ã in font cmr10!
Missing character: There is no – in font cmr10!
Missing character: There is no µ in font cmr10!
Missing character: There is no – in font cmr10!
Missing character: There is no ∞ in font cmr10!
Missing character: There is no – in font cmr10!
Missing character: There is no Ω in font cmr10!
Missing character: There is no – in font cmr10!
Missing character: There is no ∞ in font cmr10!
Missing character: There is no – in font cmr10!
Missing character: There is no ¥ in font cmr10!
Missing character: There is no – in font cmr10!
Missing character: There is no æ in font cmr10!
Missing character: There is no – in font cmr10!
Missing character: There is no ± in font cmr10!
Missing character: There is no — in font cmr10!
Missing character: There is no ã in font cmr10!
! Undefined control sequence.
l.18 \[
       ((6-(x)^{2}))' = (0-((2*(x)^{1})*1))\]
? 
! Missing $ inserted.
<inserted text> 
                $
<to be read again> 
                   ^
l.18 \[((6-(x)^
               {2}))' = (0-((2*(x)^{1})*1))\]
? 
! Undefined control sequence.
l.18 \[((6-(x)^{2}))' = (0-((2*(x)^{1})*1))\]
                                             
? 
! Undefined control sequence.
l.20 \[
       (x)' = 1\]
? 
! Undefined control sequence.
l.20 \[(x)' = 1\]
                 
? 
! Undefined control sequence.
l.22 \[
       (x)' = 1\]
? 
! Undefined control sequence.
l.22 \[(x)' = 1\]
                 
? 
! Undefined control sequence.
l.24 \[
       (\frac{\sinh(x)}{\cosh(x)})' = \frac{(((\cosh(x)*1)*\cosh(x))-((\sinh...

? 
! Undefined control sequence.
l.24 \[(\frac
             {\sinh(x)}{\cosh(x)})' = \frac{(((\cosh(x)*1)*\cosh(x))-((\sinh...

? 
! Undefined control sequence.
l.24 \[(\frac{\sinh(x)}{\cosh(x)})' = \frac
                                           {(((\cosh(x)*1)*\cosh(x))-((\sinh...

? 
! Undefined control sequence.
l.24 ...(\sinh(x)*1)*\sinh(x)))}{(\cosh(x))^{2}}\]
                                                  
? 
! Undefined control sequence.
l.26 \[
       (((6-(x)^{2}))^{\frac{\sinh(x)}{\cosh(x)}})' = (((6-(x)^{2}))^{\frac{...

? 
! Undefined control sequence.
l.26 \[(((6-(x)^{2}))^{\frac
                            {\sinh(x)}{\cosh(x)}})' = (((6-(x)^{2}))^{\frac{...

? 
! Undefined control sequence.
l.26 ...h(x)}{\cosh(x)}})' = (((6-(x)^{2}))^{\frac
                                                  {\sinh(x)}{\cosh(x)}}*((\f...

? 
! Undefined control sequence.
l.26 ...^{2}))^{\frac{\sinh(x)}{\cosh(x)}}*((\frac
                                                  {\frac{\sinh(x)}{\cosh(x)}...

? 
! Undefined control sequence.
l.26 ...^{\frac{\sinh(x)}{\cosh(x)}}*((\frac{\frac
                                                  {\sinh(x)}{\cosh(x)}}{(6-(...

? 
! Undefined control sequence.
l.26 ...6-(x)^{2})}*(2*x))+(\ln((6-(x)^{2}))*\frac
                                                  {((\cosh(x)*\cosh(x))-(\si...

? 
! Undefined control sequence.
l.26 ...(\sinh(x)*\sinh(x)))}{(\cosh(x))^{2}})))\]
                                                  
? 
! Undefined control sequence.
l.27 \section
             {–ö—Ä–∏–≤—É–ª—å–∫–∏}
? 
! Undefined control sequence.
l.28 \begin
           {tikzpicture}
? 
! Undefined control sequence.
l.29 \begin
           {axis}[xmin=-11,xmax=11,
? 
! Undefined control sequence.
l.37 ticklabel style={font=\tiny
                                ,fill=white},
? 
! Undefined control sequence.
l.41 \addplot
             [color=red, samples=1000]{((6-(x)^(2)))^((sinh(x))/(cosh(x)))};
? 
! Missing $ inserted.
<inserted text> 
                $
<to be read again> 
                   \end 
l.42 \end
         {axis}
? 
Missing character: There is no – in font cmr10!
Missing character: There is no ò in font cmr10!
Missing character: There is no – in font cmr10!
Missing character: There is no Ω in font cmr10!
Missing character: There is no – in font cmr10!
Missing character: There is no æ in font cmr10!
Missing character: There is no – in font cmr10!
Missing character: There is no ≥ in font cmr10!
Missing character: There is no – in font cmr10!
Missing character: There is no ¥ in font cmr10!
Missing character: There is no – in font cmr10!
Missing character: There is no ∞ in font cmr10!
Missing character: There is no – in font cmr10!
Missing character: There is no ± in font cmr10!
Missing character: There is no — in font cmr10!
Missing character: There is no ã in font cmr10!
Missing character: There is no – in font cmr10!
Missing character: There is no ≤ in font cmr10!
Missing character: There is no – in font cmr10!
Missing character: There is no ∞ in font cmr10!
Missing character: There is no – in font cmr10!
Missing character: There is no µ in font cmr10!
Missing character: There is no — in font cmr10!
Missing character: There is no Ç in font cmr10!
Missing character: There is no – in font cmr10!
Missing character: There is no ø in font cmr10!
Missing character: There is no – in font cmr10!
Missing character: There is no æ in font cmr10!
Missing character: There is no – in font cmr10!
Missing character: There is no ª in font cmr10!
Missing character: There is no – in font cmr10!
Missing character: There is no µ in font cmr10!
Missing character: There is no – in font cmr10!
Missing character: There is no ∑ in font cmr10!
Missing character: There is no – in font cmr10!
Missing character: There is no Ω in font cmr10!
Missing character: There is no – in font cmr10!
Missing character: There is no æ in font cmr10!
Missing character: There is no – in font cmr10!
Missing character: There is no Ω in font cmr10!
Missing character: There is no – in font cmr10!
Missing character: There is no µ in font cmr10!
Missing character: There is no – in font cmr10!
Missing character: There is no º in font cmr10!
Missing character: There is no – in font cmr10!
Missing character: There is no Ω in font cmr10!
Missing character: There is no – in font cmr10!
Missing character: There is no æ in font cmr10!
Missing character: There is no – in font cmr10!
Missing character: There is no ≥ in font cmr10!
Missing character: There is no – in font cmr10!
Missing character: There is no æ in font cmr10!
Missing character: There is no – in font cmr10!
Missing character: There is no ø in font cmr10!
Missing character: There is no – in font cmr10!
Missing character: There is no æ in font cmr10!
Missing character: There is no – in font cmr10!
Missing character: There is no ¥ in font cmr10!
Missing character: There is no — in font cmr10!
Missing character: There is no É in font cmr10!
Missing character: There is no – in font cmr10!
Missing character: There is no º in font cmr10!
Missing character: There is no – in font cmr10!
Missing character: There is no ∞ in font cmr10!
Missing character: There is no — in font cmr10!
Missing character: There is no Ç in font cmr10!
Missing character: There is no — in font cmr10!
Missing character: There is no å in font cmr10!
Missing character: There is no – in font cmr10!
Missing character: There is no û in font cmr10!
Missing character: There is no — in font cmr10!
Missing character: There is no á in font cmr10!
Missing character: There is no – in font cmr10!
Missing character: There is no µ in font cmr10!
Missing character: There is no – in font cmr10!
Missing character: There is no ≤ in font cmr10!
Missing character: There is no – in font cmr10!
Missing character: There is no ∏ in font cmr10!
Missing character: There is no – in font cmr10!
Missing character: There is no ¥ in font cmr10!
Missing character: There is no – in font cmr10!
Missing character: There is no Ω in font cmr10!
Missing character: There is no – in font cmr10!
Missing character: There is no æ in font cmr10!
Missing character: There is no — in font cmr10!
Missing character: There is no á in font cmr10!
Missing character: There is no — in font cmr10!
Missing character: There is no Ç in font cmr10!
Missing character: There is no – in font cmr10!
Missing character: There is no æ in font cmr10!
Missing character: There is no – in font cmr10!
Missing character: There is no ù in font cmr10!
Missing character: There is no – in font cmr10!
Missing character: There is no ∏ in font cmr10!
Missing character: There is no – in font cmr10!
Missing character: There is no ∫ in font cmr10!
Missing character: There is no – in font cmr10!
Missing character: There is no æ in font cmr10!
Missing character: There is no – in font cmr10!
Missing character: There is no ≥ in font cmr10!
Missing character: There is no – in font cmr10!
Missing character: There is no ¥ in font cmr10!
Missing character: There is no – in font cmr10!
Missing character: There is no ∞ in font cmr10!
Missing character: There is no – in font cmr10!
Missing character: There is no Ω in font cmr10!
Missing character: There is no – in font cmr10!
Missing character: There is no µ in font cmr10!
Missing character: There is no – in font cmr10!
Missing character: There is no ø in font cmr10!
Missing character: There is no – in font cmr10!
Missing character: There is no æ in font cmr10!
Missing character: There is no – in font cmr10!
Missing character: There is no ∑ in font cmr10!
Missing character: There is no – in font cmr10!
Missing character: There is no ¥ in font cmr10!
Missing character: There is no – in font cmr10!
Missing character: There is no Ω in font cmr10!
Missing character: There is no – in font cmr10!
Missing character: There is no æ in font cmr10!
Missing character: There is no – in font cmr10!
Missing character: There is no ∑ in font cmr10!
Missing character: There is no – in font cmr10!
Missing character: There is no ∞ in font cmr10!
Missing character: There is no – in font cmr10!
Missing character: There is no º in font cmr10!
Missing character: There is no – in font cmr10!
Missing character: There is no µ in font cmr10!
Missing character: There is no — in font cmr10!
Missing character: There is no Ç in font cmr10!
Missing character: There is no – in font cmr10!
Missing character: There is no ∏ in font cmr10!
Missing character: There is no — in font cmr10!
Missing character: There is no Ç in font cmr10!
Missing character: There is no — in font cmr10!
Missing character: There is no å in font cmr10!
Missing character: There is no — in font cmr10!
Missing character: There is no á in font cmr10!
Missing character: There is no — in font cmr10!
Missing character: There is no Ç in font cmr10!
Missing character: There is no – in font cmr10!
Missing character: There is no æ in font cmr10!
Missing character: There is no – in font cmr10!
Missing character: There is no í in font cmr10!
Missing character: There is no — in font cmr10!
Missing character: There is no Ö in font cmr10!
Missing character: There is no – in font cmr10!
Missing character: There is no æ in font cmr10!
Missing character: There is no – in font cmr10!
Missing character: There is no ¥ in font cmr10!
Missing character: There is no – in font cmr10!
Missing character: There is no µ in font cmr10!
Missing character: There is no – in font cmr10!
Missing character: There is no Ω in font cmr10!
Missing character: There is no – in font cmr10!
Missing character: There is no µ in font cmr10!
Missing character: There is no — in font cmr10!
Missing character: There is no Å in font cmr10!
Missing character: There is no – in font cmr10!
Missing character: There is no ª in font cmr10!
Missing character: There is no – in font cmr10!
Missing character: There is no æ in font cmr10!
Missing character: There is no – in font cmr10!
Missing character: There is no ∂ in font cmr10!
Missing character: There is no – in font cmr10!
Missing character: There is no Ω in font cmr10!
Missing character: There is no — in font cmr10!
Missing character: There is no ã in font cmr10!
Missing character: There is no — in font cmr10!
Missing character: There is no Ö in font cmr10!
Missing character: There is no – in font cmr10!
Missing character: There is no ø in font cmr10!
Missing character: There is no — in font cmr10!
Missing character: There is no Ä in font cmr10!
Missing character: There is no – in font cmr10!
Missing character: There is no µ in font cmr10!
Missing character: There is no – in font cmr10!
Missing character: There is no æ in font cmr10!
Missing character: There is no – in font cmr10!
Missing character: There is no ± in font cmr10!
Missing character: There is no — in font cmr10!
Missing character: There is no Ä in font cmr10!
Missing character: There is no – in font cmr10!
Missing character: There is no ∞ in font cmr10!
Missing character: There is no – in font cmr10!
Missing character: There is no ∑ in font cmr10!
Missing character: There is no – in font cmr10!
Missing character: There is no æ in font cmr10!
Missing character: There is no – in font cmr10!
Missing character: There is no ≤ in font cmr10!
Missing character: There is no – in font cmr10!
Missing character: There is no ∞ in font cmr10!
Missing character: There is no – in font cmr10!
Missing character: There is no Ω in font cmr10!
Missing character: There is no – in font cmr10!
Missing character: There is no ∏ in font cmr10!
Missing character: There is no – in font cmr10!
Missing character: There is no π in font cmr10!
Missing character: There is no – in font cmr10!
Missing character: There is no ö in font cmr10!
Missing character: There is no — in font cmr10!
Missing character: There is no Ä in font cmr10!
Missing character: There is no – in font cmr10!
Missing character: There is no ∏ in font cmr10!
Missing character: There is no – in font cmr10!
Missing character: There is no ≤ in font cmr10!
Missing character: There is no — in font cmr10!
Missing character: There is no É in font cmr10!
Missing character: There is no – in font cmr10!
Missing character: There is no ª in font cmr10!
Missing character: There is no — in font cmr10!
Missing character: There is no å in font cmr10!
Missing character: There is no – in font cmr10!
Missing character: There is no ∫ in font cmr10!
Missing character: There is no – in font cmr10!
Missing character: There is no ∏ in font cmr10!

Overfull \hbox (40.17564pt too wide) in paragraph at lines 7--42
\tenrm ((2 \tensy ^^C \tenrm (\teni x\tenrm )[]) \tensy ^^C \tenrm 1))(\teni x\
tenrm )[] = 1(\teni x\tenrm )[] = 1([][])[] = [][](((6 \tensy ^^@|

\hbox(8.14003+2.5)x469.75499, glue set - 1.0
.\tenrm (
.\tenrm (
.\tenrm 2
.\glue(\medmuskip) 2.22217 plus 1.11108 minus 2.22217
.\tensy ^^C
.etc.


Overfull \hbox (148.11967pt too wide) in paragraph at lines 7--42
\tensy ^^@\tenrm 11\teni ; ymax \tenrm = 11\teni ; grid \tenrm = \teni both; gr
idstyle \tenrm = []\teni ; majorgridstyle \tenrm = []\teni ; axislines \tenrm =
|

\hbox(6.94444+1.94444)x469.75499
.\tensy ^^@
.\tenrm 1
.\tenrm 1
.\teni ;
.\glue(\thinmuskip) 1.66663
.etc.


Overfull \hbox (10.31203pt too wide) in paragraph at lines 7--42
\teni middle; minorticknum \tenrm = 4\teni ; axislinestyle \tenrm = []\teni ; t
icklabelstyle \tenrm = []\teni ; xlabelstyle \tenrm =|

\hbox(6.94444+1.94444)x469.75499
.\teni m
.\teni i
.\teni d
.\teni d
.\teni l
.etc.


Overfull \hbox (19.97295pt too wide) in paragraph at lines 7--42
[]\teni ; ylabelstyle \tenrm = []][\teni color \tenrm =|

\hbox(7.5+2.5)x469.75499
.\hbox(7.5+2.5)x193.48665
..\teni a
..\teni t
..\glue(\thickmuskip) 2.77771 plus 2.77771
..\tenrm =
..\glue(\thickmuskip) 2.77771 plus 2.77771
..etc.
.\teni ;
.\glue(\thinmuskip) 1.66663
.\teni y
.\kern0.35878
.etc.

[1{/var/lib/texmf/fonts/map/pdftex/updmap/pdftex.map}] )</usr/share/texlive/tex
mf-dist/fonts/type1/public/amsfonts/cm/cmmi10.pfb></usr/share/texlive/texmf-dis
t/fonts/type1/public/amsfonts/cm/cmmi7.pfb></usr/share/texlive/texmf-dist/fonts
/type1/public/amsfonts/cm/cmr10.pfb></usr/share/texlive/texmf-dist/fonts/type1/
public/amsfonts/cm/cmr7.pfb></usr/share/texlive/texmf-dist/fonts/type1/public/a
msfonts/cm/cmsy10.pfb></usr/share/texlive/texmf-dist/fonts/type1/public/amsfont
s/cm/cmsy7.pfb>
Output written on latex.pdf (1 page, 63805 bytes).
PDF statistics:
 32 PDF objects out of 1000 (max. 8388607)
 22 compressed objects within 1 object stream
 0 named destinations out of 1000 (max. 500000)
 1 words of extra memory for PDF output out of 10000 (max. 10000000)

